Start testing: Feb 04 11:01 +05
----------------------------------------------------------
1/4 Testing: cppcheck
1/4 Test: cppcheck
Command: "/usr/bin/python3" "-u" "/opt/ros/jazzy/share/ament_cmake_test/cmake/run_test.py" "/home/nazerke/ros2_ws/build/my_package_cpp/test_results/my_package_cpp/cppcheck.xunit.xml" "--package-name" "my_package_cpp" "--output-file" "/home/nazerke/ros2_ws/build/my_package_cpp/ament_cppcheck/cppcheck.txt" "--command" "/opt/ros/jazzy/bin/ament_cppcheck" "--xunit-file" "/home/nazerke/ros2_ws/build/my_package_cpp/test_results/my_package_cpp/cppcheck.xunit.xml" "--include_dirs" "/home/nazerke/ros2_ws/src/my_package_cpp/include"
Directory: /home/nazerke/ros2_ws/src/my_package_cpp
"cppcheck" start time: Feb 04 11:01 +05
Output:
----------------------------------------------------------
-- run_test.py: invoking following command in '/home/nazerke/ros2_ws/src/my_package_cpp':
 - /opt/ros/jazzy/bin/ament_cppcheck --xunit-file /home/nazerke/ros2_ws/build/my_package_cpp/test_results/my_package_cpp/cppcheck.xunit.xml --include_dirs /home/nazerke/ros2_ws/src/my_package_cpp/include
cppcheck 2.13.0 has known performance issues and therefore will not be used, set the AMENT_CPPCHECK_ALLOW_SLOW_VERSIONS environment variable to override this.
-- run_test.py: return code 0
-- run_test.py: verify result file '/home/nazerke/ros2_ws/build/my_package_cpp/test_results/my_package_cpp/cppcheck.xunit.xml'
<end of output>
Test time =   0.40 sec
----------------------------------------------------------
Test Passed.
"cppcheck" end time: Feb 04 11:01 +05
"cppcheck" time elapsed: 00:00:00
----------------------------------------------------------

2/4 Testing: lint_cmake
2/4 Test: lint_cmake
Command: "/usr/bin/python3" "-u" "/opt/ros/jazzy/share/ament_cmake_test/cmake/run_test.py" "/home/nazerke/ros2_ws/build/my_package_cpp/test_results/my_package_cpp/lint_cmake.xunit.xml" "--package-name" "my_package_cpp" "--output-file" "/home/nazerke/ros2_ws/build/my_package_cpp/ament_lint_cmake/lint_cmake.txt" "--command" "/opt/ros/jazzy/bin/ament_lint_cmake" "--xunit-file" "/home/nazerke/ros2_ws/build/my_package_cpp/test_results/my_package_cpp/lint_cmake.xunit.xml"
Directory: /home/nazerke/ros2_ws/src/my_package_cpp
"lint_cmake" start time: Feb 04 11:01 +05
Output:
----------------------------------------------------------
-- run_test.py: invoking following command in '/home/nazerke/ros2_ws/src/my_package_cpp':
 - /opt/ros/jazzy/bin/ament_lint_cmake --xunit-file /home/nazerke/ros2_ws/build/my_package_cpp/test_results/my_package_cpp/lint_cmake.xunit.xml

No problems found
-- run_test.py: return code 0
-- run_test.py: verify result file '/home/nazerke/ros2_ws/build/my_package_cpp/test_results/my_package_cpp/lint_cmake.xunit.xml'
<end of output>
Test time =   0.36 sec
----------------------------------------------------------
Test Passed.
"lint_cmake" end time: Feb 04 11:01 +05
"lint_cmake" time elapsed: 00:00:00
----------------------------------------------------------

3/4 Testing: uncrustify
3/4 Test: uncrustify
Command: "/usr/bin/python3" "-u" "/opt/ros/jazzy/share/ament_cmake_test/cmake/run_test.py" "/home/nazerke/ros2_ws/build/my_package_cpp/test_results/my_package_cpp/uncrustify.xunit.xml" "--package-name" "my_package_cpp" "--output-file" "/home/nazerke/ros2_ws/build/my_package_cpp/ament_uncrustify/uncrustify.txt" "--command" "/opt/ros/jazzy/bin/ament_uncrustify" "--xunit-file" "/home/nazerke/ros2_ws/build/my_package_cpp/test_results/my_package_cpp/uncrustify.xunit.xml"
Directory: /home/nazerke/ros2_ws/src/my_package_cpp
"uncrustify" start time: Feb 04 11:01 +05
Output:
----------------------------------------------------------
-- run_test.py: invoking following command in '/home/nazerke/ros2_ws/src/my_package_cpp':
 - /opt/ros/jazzy/bin/ament_uncrustify --xunit-file /home/nazerke/ros2_ws/build/my_package_cpp/test_results/my_package_cpp/uncrustify.xunit.xml
No code style divergence in file 'src/my_node.cpp'

No problems found
-- run_test.py: return code 0
-- run_test.py: verify result file '/home/nazerke/ros2_ws/build/my_package_cpp/test_results/my_package_cpp/uncrustify.xunit.xml'
<end of output>
Test time =   0.32 sec
----------------------------------------------------------
Test Passed.
"uncrustify" end time: Feb 04 11:01 +05
"uncrustify" time elapsed: 00:00:00
----------------------------------------------------------

4/4 Testing: xmllint
4/4 Test: xmllint
Command: "/usr/bin/python3" "-u" "/opt/ros/jazzy/share/ament_cmake_test/cmake/run_test.py" "/home/nazerke/ros2_ws/build/my_package_cpp/test_results/my_package_cpp/xmllint.xunit.xml" "--package-name" "my_package_cpp" "--output-file" "/home/nazerke/ros2_ws/build/my_package_cpp/ament_xmllint/xmllint.txt" "--command" "/opt/ros/jazzy/bin/ament_xmllint" "--xunit-file" "/home/nazerke/ros2_ws/build/my_package_cpp/test_results/my_package_cpp/xmllint.xunit.xml"
Directory: /home/nazerke/ros2_ws/src/my_package_cpp
"xmllint" start time: Feb 04 11:01 +05
Output:
----------------------------------------------------------
-- run_test.py: invoking following command in '/home/nazerke/ros2_ws/src/my_package_cpp':
 - /opt/ros/jazzy/bin/ament_xmllint --xunit-file /home/nazerke/ros2_ws/build/my_package_cpp/test_results/my_package_cpp/xmllint.xunit.xml
File 'package.xml' is valid

No problems found
-- run_test.py: return code 0
-- run_test.py: verify result file '/home/nazerke/ros2_ws/build/my_package_cpp/test_results/my_package_cpp/xmllint.xunit.xml'
<end of output>
Test time =   0.68 sec
----------------------------------------------------------
Test Passed.
"xmllint" end time: Feb 04 11:01 +05
"xmllint" time elapsed: 00:00:00
----------------------------------------------------------

End testing: Feb 04 11:01 +05

cppcheck =   0.40 sec*proc

lint_cmake =   0.36 sec*proc

linter =   1.76 sec*proc

uncrustify =   0.32 sec*proc

xmllint =   0.68 sec*proc

