<?xml version="1.0" encoding="UTF-8"?>
<Site BuildName="(empty)"
	BuildStamp="20260204-0600-Experimental"
	Name="khm-nz"
	Generator="ctest-3.28.3"
	CompilerName="/usr/bin/c++"
	CompilerVersion="13.3.0"
	OSName="Linux"
	Hostname="khm-nz"
	OSRelease="6.6.87.2-microsoft-standard-WSL2"
	OSVersion="#1 SMP PREEMPT_DYNAMIC Thu Jun  5 18:30:46 UTC 2025"
	OSPlatform="x86_64"
	Is64Bits="1"
	VendorString="GenuineIntel"
	VendorID="Intel Corporation"
	FamilyID="6"
	ModelID="142"
	ProcessorCacheSize="6144"
	NumberOfLogicalCPU="4"
	NumberOfPhysicalCPU="2"
	TotalVirtualMemory="2048"
	TotalPhysicalMemory="7765"
	LogicalProcessorsPerPhysical="2"
	ProcessorClockFrequency="1800"
	>
	<Testing>
		<StartDateTime>Feb 04 11:00 +05</StartDateTime>
		<StartTestTime>1770184857</StartTestTime>
		<TestList>
			<Test>./copyright</Test>
			<Test>./cppcheck</Test>
			<Test>./cpplint</Test>
			<Test>./lint_cmake</Test>
			<Test>./uncrustify</Test>
			<Test>./xmllint</Test>
		</TestList>
		<Test Status="passed">
			<Name>copyright</Name>
			<Path>.</Path>
			<FullName>./copyright</FullName>
			<FullCommandLine>/usr/bin/python3 "-u" "/opt/ros/jazzy/share/ament_cmake_test/cmake/run_test.py" "/home/nazerke/ros2_ws/build/examples_rclcpp_async_client/test_results/examples_rclcpp_async_client/copyright.xunit.xml" "--package-name" "examples_rclcpp_async_client" "--output-file" "/home/nazerke/ros2_ws/build/examples_rclcpp_async_client/ament_copyright/copyright.txt" "--command" "/opt/ros/jazzy/bin/ament_copyright" "--xunit-file" "/home/nazerke/ros2_ws/build/examples_rclcpp_async_client/test_results/examples_rclcpp_async_client/copyright.xunit.xml"</FullCommandLine>
			<Results>
				<NamedMeasurement type="numeric/double" name="Execution Time">
					<Value>0.40556</Value>
				</NamedMeasurement>
				<NamedMeasurement type="numeric/double" name="Processors">
					<Value>1</Value>
				</NamedMeasurement>
				<NamedMeasurement type="text/string" name="Completion Status">
					<Value>Completed</Value>
				</NamedMeasurement>
				<NamedMeasurement type="text/string" name="Command Line">
					<Value>/usr/bin/python3 "-u" "/opt/ros/jazzy/share/ament_cmake_test/cmake/run_test.py" "/home/nazerke/ros2_ws/build/examples_rclcpp_async_client/test_results/examples_rclcpp_async_client/copyright.xunit.xml" "--package-name" "examples_rclcpp_async_client" "--output-file" "/home/nazerke/ros2_ws/build/examples_rclcpp_async_client/ament_copyright/copyright.txt" "--command" "/opt/ros/jazzy/bin/ament_copyright" "--xunit-file" "/home/nazerke/ros2_ws/build/examples_rclcpp_async_client/test_results/examples_rclcpp_async_client/copyright.xunit.xml"</Value>
				</NamedMeasurement>
				<NamedMeasurement type="text/string" name="Environment">
					<Value>#CTEST_RESOURCE_GROUP_COUNT=</Value>
				</NamedMeasurement>
				<Measurement>
					<Value>-- run_test.py: invoking following command in '/home/nazerke/ros2_ws/src/examples/rclcpp/services/async_client':
 - /opt/ros/jazzy/bin/ament_copyright --xunit-file /home/nazerke/ros2_ws/build/examples_rclcpp_async_client/test_results/examples_rclcpp_async_client/copyright.xunit.xml
No problems found, checked 1 files
-- run_test.py: return code 0
-- run_test.py: verify result file '/home/nazerke/ros2_ws/build/examples_rclcpp_async_client/test_results/examples_rclcpp_async_client/copyright.xunit.xml'
</Value>
				</Measurement>
			</Results>
			<Labels>
				<Label>copyright</Label>
				<Label>linter</Label>
			</Labels>
		</Test>
		<Test Status="passed">
			<Name>cppcheck</Name>
			<Path>.</Path>
			<FullName>./cppcheck</FullName>
			<FullCommandLine>/usr/bin/python3 "-u" "/opt/ros/jazzy/share/ament_cmake_test/cmake/run_test.py" "/home/nazerke/ros2_ws/build/examples_rclcpp_async_client/test_results/examples_rclcpp_async_client/cppcheck.xunit.xml" "--package-name" "examples_rclcpp_async_client" "--output-file" "/home/nazerke/ros2_ws/build/examples_rclcpp_async_client/ament_cppcheck/cppcheck.txt" "--command" "/opt/ros/jazzy/bin/ament_cppcheck" "--xunit-file" "/home/nazerke/ros2_ws/build/examples_rclcpp_async_client/test_results/examples_rclcpp_async_client/cppcheck.xunit.xml"</FullCommandLine>
			<Results>
				<NamedMeasurement type="numeric/double" name="Execution Time">
					<Value>0.260177</Value>
				</NamedMeasurement>
				<NamedMeasurement type="numeric/double" name="Processors">
					<Value>1</Value>
				</NamedMeasurement>
				<NamedMeasurement type="text/string" name="Completion Status">
					<Value>Completed</Value>
				</NamedMeasurement>
				<NamedMeasurement type="text/string" name="Command Line">
					<Value>/usr/bin/python3 "-u" "/opt/ros/jazzy/share/ament_cmake_test/cmake/run_test.py" "/home/nazerke/ros2_ws/build/examples_rclcpp_async_client/test_results/examples_rclcpp_async_client/cppcheck.xunit.xml" "--package-name" "examples_rclcpp_async_client" "--output-file" "/home/nazerke/ros2_ws/build/examples_rclcpp_async_client/ament_cppcheck/cppcheck.txt" "--command" "/opt/ros/jazzy/bin/ament_cppcheck" "--xunit-file" "/home/nazerke/ros2_ws/build/examples_rclcpp_async_client/test_results/examples_rclcpp_async_client/cppcheck.xunit.xml"</Value>
				</NamedMeasurement>
				<NamedMeasurement type="text/string" name="Environment">
					<Value>#CTEST_RESOURCE_GROUP_COUNT=</Value>
				</NamedMeasurement>
				<Measurement>
					<Value>-- run_test.py: invoking following command in '/home/nazerke/ros2_ws/src/examples/rclcpp/services/async_client':
 - /opt/ros/jazzy/bin/ament_cppcheck --xunit-file /home/nazerke/ros2_ws/build/examples_rclcpp_async_client/test_results/examples_rclcpp_async_client/cppcheck.xunit.xml
cppcheck 2.13.0 has known performance issues and therefore will not be used, set the AMENT_CPPCHECK_ALLOW_SLOW_VERSIONS environment variable to override this.
-- run_test.py: return code 0
-- run_test.py: verify result file '/home/nazerke/ros2_ws/build/examples_rclcpp_async_client/test_results/examples_rclcpp_async_client/cppcheck.xunit.xml'
</Value>
				</Measurement>
			</Results>
			<Labels>
				<Label>cppcheck</Label>
				<Label>linter</Label>
			</Labels>
		</Test>
		<Test Status="passed">
			<Name>cpplint</Name>
			<Path>.</Path>
			<FullName>./cpplint</FullName>
			<FullCommandLine>/usr/bin/python3 "-u" "/opt/ros/jazzy/share/ament_cmake_test/cmake/run_test.py" "/home/nazerke/ros2_ws/build/examples_rclcpp_async_client/test_results/examples_rclcpp_async_client/cpplint.xunit.xml" "--package-name" "examples_rclcpp_async_client" "--output-file" "/home/nazerke/ros2_ws/build/examples_rclcpp_async_client/ament_cpplint/cpplint.txt" "--command" "/opt/ros/jazzy/bin/ament_cpplint" "--xunit-file" "/home/nazerke/ros2_ws/build/examples_rclcpp_async_client/test_results/examples_rclcpp_async_client/cpplint.xunit.xml"</FullCommandLine>
			<Results>
				<NamedMeasurement type="numeric/double" name="Execution Time">
					<Value>0.326799</Value>
				</NamedMeasurement>
				<NamedMeasurement type="numeric/double" name="Processors">
					<Value>1</Value>
				</NamedMeasurement>
				<NamedMeasurement type="text/string" name="Completion Status">
					<Value>Completed</Value>
				</NamedMeasurement>
				<NamedMeasurement type="text/string" name="Command Line">
					<Value>/usr/bin/python3 "-u" "/opt/ros/jazzy/share/ament_cmake_test/cmake/run_test.py" "/home/nazerke/ros2_ws/build/examples_rclcpp_async_client/test_results/examples_rclcpp_async_client/cpplint.xunit.xml" "--package-name" "examples_rclcpp_async_client" "--output-file" "/home/nazerke/ros2_ws/build/examples_rclcpp_async_client/ament_cpplint/cpplint.txt" "--command" "/opt/ros/jazzy/bin/ament_cpplint" "--xunit-file" "/home/nazerke/ros2_ws/build/examples_rclcpp_async_client/test_results/examples_rclcpp_async_client/cpplint.xunit.xml"</Value>
				</NamedMeasurement>
				<NamedMeasurement type="text/string" name="Environment">
					<Value>#CTEST_RESOURCE_GROUP_COUNT=</Value>
				</NamedMeasurement>
				<Measurement>
					<Value>-- run_test.py: invoking following command in '/home/nazerke/ros2_ws/src/examples/rclcpp/services/async_client':
 - /opt/ros/jazzy/bin/ament_cpplint --xunit-file /home/nazerke/ros2_ws/build/examples_rclcpp_async_client/test_results/examples_rclcpp_async_client/cpplint.xunit.xml
Using '--root=..' argument

Done processing /home/nazerke/ros2_ws/src/examples/rclcpp/services/async_client/main.cpp

No problems found
-- run_test.py: return code 0
-- run_test.py: verify result file '/home/nazerke/ros2_ws/build/examples_rclcpp_async_client/test_results/examples_rclcpp_async_client/cpplint.xunit.xml'
</Value>
				</Measurement>
			</Results>
			<Labels>
				<Label>cpplint</Label>
				<Label>linter</Label>
			</Labels>
		</Test>
		<Test Status="passed">
			<Name>lint_cmake</Name>
			<Path>.</Path>
			<FullName>./lint_cmake</FullName>
			<FullCommandLine>/usr/bin/python3 "-u" "/opt/ros/jazzy/share/ament_cmake_test/cmake/run_test.py" "/home/nazerke/ros2_ws/build/examples_rclcpp_async_client/test_results/examples_rclcpp_async_client/lint_cmake.xunit.xml" "--package-name" "examples_rclcpp_async_client" "--output-file" "/home/nazerke/ros2_ws/build/examples_rclcpp_async_client/ament_lint_cmake/lint_cmake.txt" "--command" "/opt/ros/jazzy/bin/ament_lint_cmake" "--xunit-file" "/home/nazerke/ros2_ws/build/examples_rclcpp_async_client/test_results/examples_rclcpp_async_client/lint_cmake.xunit.xml"</FullCommandLine>
			<Results>
				<NamedMeasurement type="numeric/double" name="Execution Time">
					<Value>0.258169</Value>
				</NamedMeasurement>
				<NamedMeasurement type="numeric/double" name="Processors">
					<Value>1</Value>
				</NamedMeasurement>
				<NamedMeasurement type="text/string" name="Completion Status">
					<Value>Completed</Value>
				</NamedMeasurement>
				<NamedMeasurement type="text/string" name="Command Line">
					<Value>/usr/bin/python3 "-u" "/opt/ros/jazzy/share/ament_cmake_test/cmake/run_test.py" "/home/nazerke/ros2_ws/build/examples_rclcpp_async_client/test_results/examples_rclcpp_async_client/lint_cmake.xunit.xml" "--package-name" "examples_rclcpp_async_client" "--output-file" "/home/nazerke/ros2_ws/build/examples_rclcpp_async_client/ament_lint_cmake/lint_cmake.txt" "--command" "/opt/ros/jazzy/bin/ament_lint_cmake" "--xunit-file" "/home/nazerke/ros2_ws/build/examples_rclcpp_async_client/test_results/examples_rclcpp_async_client/lint_cmake.xunit.xml"</Value>
				</NamedMeasurement>
				<NamedMeasurement type="text/string" name="Environment">
					<Value>#CTEST_RESOURCE_GROUP_COUNT=</Value>
				</NamedMeasurement>
				<Measurement>
					<Value>-- run_test.py: invoking following command in '/home/nazerke/ros2_ws/src/examples/rclcpp/services/async_client':
 - /opt/ros/jazzy/bin/ament_lint_cmake --xunit-file /home/nazerke/ros2_ws/build/examples_rclcpp_async_client/test_results/examples_rclcpp_async_client/lint_cmake.xunit.xml

No problems found
-- run_test.py: return code 0
-- run_test.py: verify result file '/home/nazerke/ros2_ws/build/examples_rclcpp_async_client/test_results/examples_rclcpp_async_client/lint_cmake.xunit.xml'
</Value>
				</Measurement>
			</Results>
			<Labels>
				<Label>lint_cmake</Label>
				<Label>linter</Label>
			</Labels>
		</Test>
		<Test Status="passed">
			<Name>uncrustify</Name>
			<Path>.</Path>
			<FullName>./uncrustify</FullName>
			<FullCommandLine>/usr/bin/python3 "-u" "/opt/ros/jazzy/share/ament_cmake_test/cmake/run_test.py" "/home/nazerke/ros2_ws/build/examples_rclcpp_async_client/test_results/examples_rclcpp_async_client/uncrustify.xunit.xml" "--package-name" "examples_rclcpp_async_client" "--output-file" "/home/nazerke/ros2_ws/build/examples_rclcpp_async_client/ament_uncrustify/uncrustify.txt" "--command" "/opt/ros/jazzy/bin/ament_uncrustify" "--xunit-file" "/home/nazerke/ros2_ws/build/examples_rclcpp_async_client/test_results/examples_rclcpp_async_client/uncrustify.xunit.xml"</FullCommandLine>
			<Results>
				<NamedMeasurement type="numeric/double" name="Execution Time">
					<Value>0.275084</Value>
				</NamedMeasurement>
				<NamedMeasurement type="numeric/double" name="Processors">
					<Value>1</Value>
				</NamedMeasurement>
				<NamedMeasurement type="text/string" name="Completion Status">
					<Value>Completed</Value>
				</NamedMeasurement>
				<NamedMeasurement type="text/string" name="Command Line">
					<Value>/usr/bin/python3 "-u" "/opt/ros/jazzy/share/ament_cmake_test/cmake/run_test.py" "/home/nazerke/ros2_ws/build/examples_rclcpp_async_client/test_results/examples_rclcpp_async_client/uncrustify.xunit.xml" "--package-name" "examples_rclcpp_async_client" "--output-file" "/home/nazerke/ros2_ws/build/examples_rclcpp_async_client/ament_uncrustify/uncrustify.txt" "--command" "/opt/ros/jazzy/bin/ament_uncrustify" "--xunit-file" "/home/nazerke/ros2_ws/build/examples_rclcpp_async_client/test_results/examples_rclcpp_async_client/uncrustify.xunit.xml"</Value>
				</NamedMeasurement>
				<NamedMeasurement type="text/string" name="Environment">
					<Value>#CTEST_RESOURCE_GROUP_COUNT=</Value>
				</NamedMeasurement>
				<Measurement>
					<Value>-- run_test.py: invoking following command in '/home/nazerke/ros2_ws/src/examples/rclcpp/services/async_client':
 - /opt/ros/jazzy/bin/ament_uncrustify --xunit-file /home/nazerke/ros2_ws/build/examples_rclcpp_async_client/test_results/examples_rclcpp_async_client/uncrustify.xunit.xml
No code style divergence in file 'main.cpp'

No problems found
-- run_test.py: return code 0
-- run_test.py: verify result file '/home/nazerke/ros2_ws/build/examples_rclcpp_async_client/test_results/examples_rclcpp_async_client/uncrustify.xunit.xml'
</Value>
				</Measurement>
			</Results>
			<Labels>
				<Label>linter</Label>
				<Label>uncrustify</Label>
			</Labels>
		</Test>
		<Test Status="passed">
			<Name>xmllint</Name>
			<Path>.</Path>
			<FullName>./xmllint</FullName>
			<FullCommandLine>/usr/bin/python3 "-u" "/opt/ros/jazzy/share/ament_cmake_test/cmake/run_test.py" "/home/nazerke/ros2_ws/build/examples_rclcpp_async_client/test_results/examples_rclcpp_async_client/xmllint.xunit.xml" "--package-name" "examples_rclcpp_async_client" "--output-file" "/home/nazerke/ros2_ws/build/examples_rclcpp_async_client/ament_xmllint/xmllint.txt" "--command" "/opt/ros/jazzy/bin/ament_xmllint" "--xunit-file" "/home/nazerke/ros2_ws/build/examples_rclcpp_async_client/test_results/examples_rclcpp_async_client/xmllint.xunit.xml"</FullCommandLine>
			<Results>
				<NamedMeasurement type="numeric/double" name="Execution Time">
					<Value>1.08587</Value>
				</NamedMeasurement>
				<NamedMeasurement type="numeric/double" name="Processors">
					<Value>1</Value>
				</NamedMeasurement>
				<NamedMeasurement type="text/string" name="Completion Status">
					<Value>Completed</Value>
				</NamedMeasurement>
				<NamedMeasurement type="text/string" name="Command Line">
					<Value>/usr/bin/python3 "-u" "/opt/ros/jazzy/share/ament_cmake_test/cmake/run_test.py" "/home/nazerke/ros2_ws/build/examples_rclcpp_async_client/test_results/examples_rclcpp_async_client/xmllint.xunit.xml" "--package-name" "examples_rclcpp_async_client" "--output-file" "/home/nazerke/ros2_ws/build/examples_rclcpp_async_client/ament_xmllint/xmllint.txt" "--command" "/opt/ros/jazzy/bin/ament_xmllint" "--xunit-file" "/home/nazerke/ros2_ws/build/examples_rclcpp_async_client/test_results/examples_rclcpp_async_client/xmllint.xunit.xml"</Value>
				</NamedMeasurement>
				<NamedMeasurement type="text/string" name="Environment">
					<Value>#CTEST_RESOURCE_GROUP_COUNT=</Value>
				</NamedMeasurement>
				<Measurement>
					<Value>-- run_test.py: invoking following command in '/home/nazerke/ros2_ws/src/examples/rclcpp/services/async_client':
 - /opt/ros/jazzy/bin/ament_xmllint --xunit-file /home/nazerke/ros2_ws/build/examples_rclcpp_async_client/test_results/examples_rclcpp_async_client/xmllint.xunit.xml
File 'package.xml' is valid

No problems found
-- run_test.py: return code 0
-- run_test.py: verify result file '/home/nazerke/ros2_ws/build/examples_rclcpp_async_client/test_results/examples_rclcpp_async_client/xmllint.xunit.xml'
</Value>
				</Measurement>
			</Results>
			<Labels>
				<Label>linter</Label>
				<Label>xmllint</Label>
			</Labels>
		</Test>
		<EndDateTime>Feb 04 11:00 +05</EndDateTime>
		<EndTestTime>1770184859</EndTestTime>
		<ElapsedMinutes>0</ElapsedMinutes>
	</Testing>
</Site>
