<?xml version="1.0" encoding="utf-8"?><testsuites><testsuite name="pytest" errors="0" failures="0" skipped="0" tests="9" time="43.738" timestamp="2026-02-04T11:01:12.251034" hostname="khm-nz"><testcase classname="launch_testing_examples.launch_testing_examples.check_msgs_launch_test" name="launch_testing_examples.check_msgs_launch_test" time="1.304" /><testcase classname="launch_testing_examples.launch_testing_examples.check_multiple_nodes_launch_test" name="launch_testing_examples.check_multiple_nodes_launch_test" time="31.817" /><testcase classname="launch_testing_examples.launch_testing_examples.check_node_launch_test" name="launch_testing_examples.check_node_launch_test" time="5.687" /><testcase classname="launch_testing_examples.launch_testing_examples.hello_world_launch_test" name="launch_testing_examples.hello_world_launch_test" time="0.009" /><testcase classname="launch_testing_examples.launch_testing_examples.record_rosbag_launch_test" name="launch_testing_examples.record_rosbag_launch_test" time="3.327" /><testcase classname="launch_testing_examples.launch_testing_examples.set_param_launch_test" name="launch_testing_examples.set_param_launch_test" time="0.420" /><testcase classname="launch_testing_examples.test.test_copyright" name="test_copyright" time="0.503" /><testcase classname="launch_testing_examples.test.test_flake8" name="test_flake8" time="0.168" /><testcase classname="launch_testing_examples.test.test_pep257" name="test_pep257" time="0.033" /></testsuite></testsuites>